<?xml version="1.0" encoding="UTF-8"?>
<!-- Generated by org.testng.reporters.JUnitReportReporter -->
<testsuite skipped="0" hostname="DESKTOP-S5GH85J" name="testcases.LoginandLogout" tests="1" failures="0" timestamp="31 Oct 2018 06:28:31 GMT" time="25.919" errors="0">
  <testcase name="loginandlogout" time="25.919" classname="testcases.LoginandLogout"/>
</testsuite> <!-- testcases.LoginandLogout -->
