<?xml version="1.0" encoding="UTF-8"?>
<!-- Generated by org.testng.reporters.JUnitReportReporter -->
<testsuite skipped="0" hostname="DESKTOP-S5GH85J" name="testcases.Department" tests="1" failures="0" timestamp="21 Oct 2018 20:22:04 GMT" time="79.053" errors="0">
  <testcase name="departmentstest" time="79.053" classname="testcases.Department"/>
</testsuite> <!-- testcases.Department -->
