<?xml version="1.0" encoding="UTF-8"?>
<!-- Generated by org.testng.reporters.JUnitReportReporter -->
<testsuite skipped="0" hostname="DESKTOP-S5GH85J" name="testcases.PDP_VisibilityofItemID" tests="1" failures="0" timestamp="11 Nov 2018 06:34:19 GMT" time="72.984" errors="0">
  <testcase name="visibilityofItemID" time="72.984" classname="testcases.PDP_VisibilityofItemID"/>
</testsuite> <!-- testcases.PDP_VisibilityofItemID -->
