<?xml version="1.0" encoding="UTF-8"?>
<!-- Generated by org.testng.reporters.JUnitReportReporter -->
<testsuite skipped="0" hostname="DESKTOP-S5GH85J" name="testcases.PDP_AddtoCart" tests="1" failures="0" timestamp="11 Nov 2018 05:38:16 GMT" time="104.830" errors="0">
  <testcase name="addtocart" time="104.830" classname="testcases.PDP_AddtoCart"/>
</testsuite> <!-- testcases.PDP_AddtoCart -->
