<?xml version="1.0" encoding="UTF-8"?>
<!-- Generated by org.testng.reporters.JUnitReportReporter -->
<testsuite skipped="0" hostname="DESKTOP-S5GH85J" name="testcases.PDP_Reviewstab" tests="1" failures="0" timestamp="11 Nov 2018 06:10:47 GMT" time="81.849" errors="0">
  <testcase name="reviews" time="81.849" classname="testcases.PDP_Reviewstab"/>
</testsuite> <!-- testcases.PDP_Reviewstab -->
