<?xml version="1.0" encoding="UTF-8"?>
<!-- Generated by org.testng.reporters.JUnitReportReporter -->
<testsuite skipped="0" hostname="DESKTOP-S5GH85J" name="testcases.SearchaModel" tests="1" failures="0" timestamp="11 Nov 2018 14:51:04 GMT" time="44.491" errors="0">
  <testcase name="seachaBrand" time="44.491" classname="testcases.SearchaModel"/>
</testsuite> <!-- testcases.SearchaModel -->
