<?xml version="1.0" encoding="UTF-8"?>
<!-- Generated by org.testng.reporters.JUnitReportReporter -->
<testsuite skipped="0" hostname="DESKTOP-S5GH85J" name="testcases.PDP_SocialmediaLink" tests="1" failures="0" timestamp="11 Nov 2018 06:23:55 GMT" time="70.236" errors="0">
  <testcase name="facebookpage" time="70.236" classname="testcases.PDP_SocialmediaLink"/>
</testsuite> <!-- testcases.PDP_SocialmediaLink -->
