<?xml version="1.0" encoding="UTF-8"?>
<!-- Generated by org.testng.reporters.JUnitReportReporter -->
<testsuite skipped="0" hostname="Suriya" name="testcases.LoginwithInvalidPassword" tests="1" failures="0" timestamp="03 Jan 2019 09:50:42 GMT" time="39.516" errors="0">
  <testcase name="LoginwithInvalidPasswor" time="39.516" classname="testcases.LoginwithInvalidPassword"/>
</testsuite> <!-- testcases.LoginwithInvalidPassword -->
