<?xml version="1.0" encoding="UTF-8"?>
<!-- Generated by org.testng.reporters.JUnitReportReporter -->
<testsuite skipped="0" hostname="DESKTOP-S5GH85J" name="testcases.PLP_EditingPageNumber" tests="1" failures="0" timestamp="11 Nov 2018 06:53:53 GMT" time="52.419" errors="0">
  <testcase name="EditingPageNumber" time="52.419" classname="testcases.PLP_EditingPageNumber"/>
</testsuite> <!-- testcases.PLP_EditingPageNumber -->
