<?xml version="1.0" encoding="UTF-8"?>
<!-- Generated by org.testng.reporters.JUnitReportReporter -->
<testsuite skipped="0" hostname="DESKTOP-S5GH85J" name="testcases.SearchaBrand" tests="1" failures="0" timestamp="11 Nov 2018 14:50:03 GMT" time="59.593" errors="0">
  <testcase name="seachaBrand" time="59.593" classname="testcases.SearchaBrand"/>
</testsuite> <!-- testcases.SearchaBrand -->
