<?xml version="1.0" encoding="UTF-8"?>
<!-- Generated by org.testng.reporters.JUnitReportReporter -->
<testsuite skipped="0" hostname="DESKTOP-S5GH85J" name="testcases.VerifytheDepartmentsTab" tests="1" failures="0" timestamp="09 Oct 2018 06:11:32 GMT" time="102.869" errors="0">
  <testcase name="departmentsTab" time="102.869" classname="testcases.VerifytheDepartmentsTab"/>
</testsuite> <!-- testcases.VerifytheDepartmentsTab -->
