<?xml version="1.0" encoding="UTF-8"?>
<!-- Generated by org.testng.reporters.JUnitReportReporter -->
<testsuite skipped="0" hostname="DESKTOP-S5GH85J" name="testcases.PDP_ClickaProduct" tests="1" failures="0" timestamp="11 Nov 2018 05:56:34 GMT" time="66.007" errors="0">
  <testcase name="clickaProduct" time="66.007" classname="testcases.PDP_ClickaProduct"/>
</testsuite> <!-- testcases.PDP_ClickaProduct -->
