<?xml version="1.0" encoding="UTF-8"?>
<!-- Generated by org.testng.reporters.JUnitReportReporter -->
<testsuite skipped="0" hostname="DESKTOP-S5GH85J" name="testcases.Order_redcarp" tests="1" failures="0" timestamp="27 Oct 2018 07:15:06 GMT" time="118.730" errors="0">
  <testcase name="Orderred" time="118.730" classname="testcases.Order_redcarp"/>
</testsuite> <!-- testcases.Order_redcarp -->
