<?xml version="1.0" encoding="UTF-8"?>
<!-- Generated by org.testng.reporters.JUnitReportReporter -->
<testsuite skipped="0" hostname="DESKTOP-S5GH85J" name="testcases.VerifySearchSuperMarket" tests="1" failures="0" timestamp="24 Oct 2018 22:11:17 GMT" time="63.803" errors="0">
  <testcase name="addtocart" time="63.803" classname="testcases.VerifySearchSuperMarket"/>
</testsuite> <!-- testcases.VerifySearchSuperMarket -->
