<?xml version="1.0" encoding="UTF-8"?>
<!-- Generated by org.testng.reporters.JUnitReportReporter -->
<testsuite skipped="0" hostname="DESKTOP-S5GH85J" name="testcases.PDP_EMI" tests="1" failures="0" timestamp="26 Oct 2018 07:47:36 GMT" time="73.284" errors="0">
  <testcase name="EMIdropdown" time="73.284" classname="testcases.PDP_EMI"/>
</testsuite> <!-- testcases.PDP_EMI -->
