<?xml version="1.0" encoding="UTF-8"?>
<!-- Generated by org.testng.reporters.JUnitReportReporter -->
<testsuite skipped="0" hostname="DESKTOP-S5GH85J" name="testcases.PDP_Incorrect_AddtoCart" tests="1" failures="0" timestamp="11 Nov 2018 05:58:09 GMT" time="78.407" errors="0">
  <testcase name="addtocartIncorrect" time="78.407" classname="testcases.PDP_Incorrect_AddtoCart"/>
</testsuite> <!-- testcases.PDP_Incorrect_AddtoCart -->
