<?xml version="1.0" encoding="UTF-8"?>
<!-- Generated by org.testng.reporters.JUnitReportReporter -->
<testsuite skipped="0" hostname="Suriya" name="testcases.PLP_EditingPageNumber" tests="1" failures="0" timestamp="03 Jan 2019 09:50:42 GMT" time="43.352" errors="0">
  <testcase name="EditingPageNumber" time="43.352" classname="testcases.PLP_EditingPageNumber"/>
</testsuite> <!-- testcases.PLP_EditingPageNumber -->
