<?xml version="1.0" encoding="UTF-8"?>
<!-- Generated by org.testng.reporters.JUnitReportReporter -->
<testsuite skipped="0" hostname="DESKTOP-S5GH85J" name="testcases.PDP_ChooseColorandtheVariantChanges" tests="1" failures="0" timestamp="11 Nov 2018 05:49:24 GMT" time="82.723" errors="0">
  <testcase name="chooseacolor" time="82.723" classname="testcases.PDP_ChooseColorandtheVariantChanges"/>
</testsuite> <!-- testcases.PDP_ChooseColorandtheVariantChanges -->
