<?xml version="1.0" encoding="UTF-8"?>
<!-- Generated by org.testng.reporters.JUnitReportReporter -->
<testsuite skipped="0" hostname="DESKTOP-S5GH85J" name="testcases.EspecialTerrazas" tests="1" failures="0" timestamp="13 Oct 2018 19:35:57 GMT" time="52.170" errors="0">
  <testcase name="EspecialTerrazassection" time="52.170" classname="testcases.EspecialTerrazas"/>
</testsuite> <!-- testcases.EspecialTerrazas -->
