<?xml version="1.0" encoding="UTF-8"?>
<!-- Generated by org.testng.reporters.JUnitReportReporter -->
<testsuite skipped="0" hostname="DESKTOP-S5GH85J" name="testcases.MyAccounts" tests="1" failures="0" timestamp="30 Oct 2018 05:23:58 GMT" time="54.043" errors="0">
  <testcase name="myaccount" time="54.043" classname="testcases.MyAccounts"/>
</testsuite> <!-- testcases.MyAccounts -->
