<?xml version="1.0" encoding="UTF-8"?>
<!-- Generated by org.testng.reporters.JUnitReportReporter -->
<testsuite skipped="0" hostname="DESKTOP-S5GH85J" name="testcases.Supermercado" tests="1" failures="0" timestamp="03 Oct 2018 06:00:36 GMT" time="34.957" errors="0">
  <testcase name="supermercadosection" time="34.957" classname="testcases.Supermercado"/>
</testsuite> <!-- testcases.Supermercado -->
