<?xml version="1.0" encoding="UTF-8"?>
<!-- Generated by org.testng.reporters.JUnitReportReporter -->
<testsuite skipped="0" hostname="DESKTOP-S5GH85J" name="testcases.Order" tests="1" failures="0" timestamp="27 Oct 2018 05:04:41 GMT" time="187.907" errors="0">
  <testcase name="Ordertest" time="187.907" classname="testcases.Order"/>
</testsuite> <!-- testcases.Order -->
