<?xml version="1.0" encoding="UTF-8"?>
<!-- Generated by org.testng.reporters.JUnitReportReporter -->
<testsuite skipped="0" hostname="DESKTOP-S5GH85J" name="testcases.PLP_ClickingShopnowLink" tests="1" failures="0" timestamp="11 Nov 2018 06:46:19 GMT" time="40.619" errors="0">
  <testcase name="ClickShopNow" time="40.619" classname="testcases.PLP_ClickingShopnowLink"/>
</testsuite> <!-- testcases.PLP_ClickingShopnowLink -->
