<?xml version="1.0" encoding="UTF-8"?>
<!-- Generated by org.testng.reporters.JUnitReportReporter -->
<testsuite skipped="0" hostname="DESKTOP-S5GH85J" name="testcases.VerifyFiltersSuperMarket" tests="1" failures="0" timestamp="27 Oct 2018 22:25:41 GMT" time="67.441" errors="0">
  <testcase name="verifyFilters" time="67.441" classname="testcases.VerifyFiltersSuperMarket"/>
</testsuite> <!-- testcases.VerifyFiltersSuperMarket -->
