<?xml version="1.0" encoding="UTF-8"?>
<!-- Generated by org.testng.reporters.JUnitReportReporter -->
<testsuite skipped="0" hostname="Suriya" name="testcases.PDP_SizechartAvailable" tests="1" failures="0" timestamp="03 Jan 2019 09:50:42 GMT" time="37.547" errors="0">
  <testcase name="sizeChart" time="37.547" classname="testcases.PDP_SizechartAvailable"/>
</testsuite> <!-- testcases.PDP_SizechartAvailable -->
