<?xml version="1.0" encoding="UTF-8"?>
<!-- Generated by org.testng.reporters.JUnitReportReporter -->
<testsuite skipped="0" hostname="Suriya" name="testcases.Logout" tests="1" failures="0" timestamp="03 Jan 2019 09:50:42 GMT" time="51.563" errors="0">
  <testcase name="Loggingout" time="51.563" classname="testcases.Logout"/>
</testsuite> <!-- testcases.Logout -->
