<?xml version="1.0" encoding="UTF-8"?>
<!-- Generated by org.testng.reporters.JUnitReportReporter -->
<testsuite skipped="0" hostname="DESKTOP-S5GH85J" name="testcases.OrderSupermarket" tests="1" failures="0" timestamp="26 Oct 2018 07:01:28 GMT" time="173.050" errors="0">
  <testcase name="order" time="173.050" classname="testcases.OrderSupermarket"/>
</testsuite> <!-- testcases.OrderSupermarket -->
