<?xml version="1.0" encoding="UTF-8"?>
<!-- Generated by org.testng.reporters.JUnitReportReporter -->
<testsuite skipped="0" hostname="DESKTOP-S5GH85J" name="testcases.PDP_ChooseaColor" tests="1" failures="0" timestamp="11 Nov 2018 05:41:42 GMT" time="46.969" errors="0">
  <testcase name="choosecolor" time="46.969" classname="testcases.PDP_ChooseaColor"/>
</testsuite> <!-- testcases.PDP_ChooseaColor -->
