<?xml version="1.0" encoding="UTF-8"?>
<!-- Generated by org.testng.reporters.JUnitReportReporter -->
<testsuite skipped="0" hostname="DESKTOP-S5GH85J" name="testcases.PDP_Chooseasize" tests="1" failures="0" timestamp="11 Nov 2018 05:43:06 GMT" time="56.857" errors="0">
  <testcase name="choosesize" time="56.857" classname="testcases.PDP_Chooseasize"/>
</testsuite> <!-- testcases.PDP_Chooseasize -->
