<?xml version="1.0" encoding="UTF-8"?>
<!-- Generated by org.testng.reporters.JUnitReportReporter -->
<testsuite skipped="0" hostname="DESKTOP-S5GH85J" name="testcases.PLP_Showproductsperpage" tests="1" failures="0" timestamp="11 Nov 2018 06:54:48 GMT" time="38.826" errors="0">
  <testcase name="sortBy" time="38.826" classname="testcases.PLP_Showproductsperpage"/>
</testsuite> <!-- testcases.PLP_Showproductsperpage -->
