<?xml version="1.0" encoding="UTF-8"?>
<!-- Generated by org.testng.reporters.JUnitReportReporter -->
<testsuite skipped="0" hostname="DESKTOP-S5GH85J" name="testcases.PageScrollCheckSupermarket" tests="1" failures="0" timestamp="15 Oct 2018 04:23:39 GMT" time="59.541" errors="0">
  <testcase name="pageScroll" time="59.541" classname="testcases.PageScrollCheckSupermarket"/>
</testsuite> <!-- testcases.PageScrollCheckSupermarket -->
