<?xml version="1.0" encoding="UTF-8"?>
<!-- Generated by org.testng.reporters.JUnitReportReporter -->
<testsuite skipped="0" hostname="DESKTOP-S5GH85J" name="testcases.Order_timeslots" tests="1" failures="0" timestamp="26 Oct 2018 07:29:02 GMT" time="140.035" errors="0">
  <testcase name="OrderTimeslotcheck" time="140.035" classname="testcases.Order_timeslots"/>
</testsuite> <!-- testcases.Order_timeslots -->
