<?xml version="1.0" encoding="UTF-8"?>
<!-- Generated by org.testng.reporters.JUnitReportReporter -->
<testsuite skipped="0" hostname="DESKTOP-S5GH85J" name="testcases.CompareProducts" tests="1" failures="0" timestamp="24 Oct 2018 22:00:03 GMT" time="68.316" errors="0">
  <testcase name="Comparesection" time="68.316" classname="testcases.CompareProducts"/>
</testsuite> <!-- testcases.CompareProducts -->
