<?xml version="1.0" encoding="UTF-8"?>
<!-- Generated by org.testng.reporters.JUnitReportReporter -->
<testsuite skipped="0" hostname="DESKTOP-S5GH85J" name="testcases.LoginAndLogoutSupermarket" tests="1" failures="0" timestamp="09 Oct 2018 06:17:06 GMT" time="128.993" errors="0">
  <testcase name="loginandlogout" time="128.993" classname="testcases.LoginAndLogoutSupermarket"/>
</testsuite> <!-- testcases.LoginAndLogoutSupermarket -->
