<?xml version="1.0" encoding="UTF-8"?>
<!-- Generated by org.testng.reporters.JUnitReportReporter -->
<testsuite skipped="0" hostname="DESKTOP-S5GH85J" name="testcases.SearchWithInvalidKeyword" tests="1" failures="0" timestamp="11 Nov 2018 14:53:00 GMT" time="46.317" errors="0">
  <testcase name="seachaBrand" time="46.317" classname="testcases.SearchWithInvalidKeyword"/>
</testsuite> <!-- testcases.SearchWithInvalidKeyword -->
