<?xml version="1.0" encoding="UTF-8"?>
<!-- Generated by org.testng.reporters.JUnitReportReporter -->
<testsuite skipped="0" hostname="DESKTOP-S5GH85J" name="testcases.AddToCart" tests="1" failures="0" timestamp="27 Oct 2018 21:33:42 GMT" time="70.129" errors="0">
  <testcase name="addtocart" time="70.129" classname="testcases.AddToCart"/>
</testsuite> <!-- testcases.AddToCart -->
