<?xml version="1.0" encoding="UTF-8"?>
<!-- Generated by org.testng.reporters.JUnitReportReporter -->
<testsuite skipped="0" hostname="DESKTOP-S5GH85J" name="testcases.PDP_SizechartAvailable" tests="1" failures="0" timestamp="11 Nov 2018 06:15:50 GMT" time="45.851" errors="0">
  <testcase name="sizeChart" time="45.851" classname="testcases.PDP_SizechartAvailable"/>
</testsuite> <!-- testcases.PDP_SizechartAvailable -->
