<?xml version="1.0" encoding="UTF-8"?>
<!-- Generated by org.testng.reporters.JUnitReportReporter -->
<testsuite skipped="0" hostname="DESKTOP-S5GH85J" name="testcases.PLP_ClickingSortBy" tests="1" failures="0" timestamp="11 Nov 2018 06:47:41 GMT" time="63.084" errors="0">
  <testcase name="sortBy" time="63.084" classname="testcases.PLP_ClickingSortBy"/>
</testsuite> <!-- testcases.PLP_ClickingSortBy -->
