<?xml version="1.0" encoding="UTF-8"?>
<!-- Generated by org.testng.reporters.JUnitReportReporter -->
<testsuite skipped="0" hostname="Suriya" name="testcases.PDP_ChooseaColor" tests="1" failures="0" timestamp="03 Jan 2019 09:50:42 GMT" time="32.462" errors="0">
  <testcase name="choosecolor" time="32.462" classname="testcases.PDP_ChooseaColor"/>
</testsuite> <!-- testcases.PDP_ChooseaColor -->
