<?xml version="1.0" encoding="UTF-8"?>
<!-- Generated by org.testng.reporters.JUnitReportReporter -->
<testsuite skipped="0" hostname="DESKTOP-S5GH85J" name="testcases.PLP_ClickingNextbutton" tests="1" failures="0" timestamp="11 Nov 2018 06:45:17 GMT" time="57.249" errors="0">
  <testcase name="nextButton" time="57.249" classname="testcases.PLP_ClickingNextbutton"/>
</testsuite> <!-- testcases.PLP_ClickingNextbutton -->
