<?xml version="1.0" encoding="UTF-8"?>
<!-- Generated by org.testng.reporters.JUnitReportReporter -->
<testsuite skipped="0" hostname="DESKTOP-S5GH85J" name="testcases.Logout" tests="1" failures="0" timestamp="11 Nov 2018 17:23:22 GMT" time="95.106" errors="0">
  <testcase name="Loggingout" time="95.106" classname="testcases.Logout"/>
</testsuite> <!-- testcases.Logout -->
