<?xml version="1.0" encoding="UTF-8"?>
<!-- Generated by org.testng.reporters.JUnitReportReporter -->
<testsuite skipped="0" hostname="Suriya" name="testcases.SearchaModel" tests="1" failures="0" timestamp="03 Jan 2019 09:50:42 GMT" time="24.377" errors="0">
  <testcase name="seachaBrand" time="24.377" classname="testcases.SearchaModel"/>
</testsuite> <!-- testcases.SearchaModel -->
