<?xml version="1.0" encoding="UTF-8"?>
<!-- Generated by org.testng.reporters.JUnitReportReporter -->
<testsuite skipped="0" hostname="DESKTOP-S5GH85J" name="testcases.VerifytheDepartmentsTabSuperMarket" tests="1" failures="0" timestamp="21 Oct 2018 20:35:41 GMT" time="150.233" errors="0">
  <testcase name="departmentsTab" time="150.233" classname="testcases.VerifytheDepartmentsTabSuperMarket"/>
</testsuite> <!-- testcases.VerifytheDepartmentsTabSuperMarket -->
