<?xml version="1.0" encoding="UTF-8"?>
<!-- Generated by org.testng.reporters.JUnitReportReporter -->
<testsuite skipped="0" hostname="DESKTOP-S5GH85J" name="testcases.LoginwithInvalidPassword" tests="1" failures="0" timestamp="11 Nov 2018 17:21:25 GMT" time="80.207" errors="0">
  <testcase name="LoginwithInvalidPasswor" time="80.207" classname="testcases.LoginwithInvalidPassword"/>
</testsuite> <!-- testcases.LoginwithInvalidPassword -->
