<?xml version="1.0" encoding="UTF-8"?>
<!-- Generated by org.testng.reporters.JUnitReportReporter -->
<testsuite skipped="0" hostname="DESKTOP-S5GH85J" name="testcases.Orders_GuestFlow" tests="1" failures="0" timestamp="05 Dec 2018 17:20:06 GMT" time="422.703" errors="0">
  <testcase name="orders" time="422.703" classname="testcases.Orders_GuestFlow"/>
</testsuite> <!-- testcases.Orders_GuestFlow -->
