<?xml version="1.0" encoding="UTF-8"?>
<!-- Generated by org.testng.reporters.JUnitReportReporter -->
<testsuite skipped="0" hostname="DESKTOP-S5GH85J" name="testcases.MyaccountEditAddress" tests="1" failures="0" timestamp="30 Oct 2018 05:53:12 GMT" time="62.162" errors="0">
  <testcase name="address" time="62.162" classname="testcases.MyaccountEditAddress"/>
</testsuite> <!-- testcases.MyaccountEditAddress -->
