<?xml version="1.0" encoding="UTF-8"?>
<!-- Generated by org.testng.reporters.JUnitReportReporter -->
<testsuite skipped="0" hostname="DESKTOP-S5GH85J" name="testcases.Order_LoginFlow" tests="1" failures="0" timestamp="03 Dec 2018 05:11:33 GMT" time="121.437" errors="0">
  <testcase name="orderswithLogin" time="121.437" classname="testcases.Order_LoginFlow"/>
</testsuite> <!-- testcases.Order_LoginFlow -->
