<?xml version="1.0" encoding="UTF-8"?>
<!-- Generated by org.testng.reporters.JUnitReportReporter -->
<testsuite skipped="0" hostname="DESKTOP-S5GH85J" name="testcases.Footerlinks" tests="1" failures="0" timestamp="21 Oct 2018 20:26:02 GMT" time="44.646" errors="0">
  <testcase name="Footerlinkssize" time="44.646" classname="testcases.Footerlinks"/>
</testsuite> <!-- testcases.Footerlinks -->
