<?xml version="1.0" encoding="UTF-8"?>
<!-- Generated by org.testng.reporters.JUnitReportReporter -->
<testsuite skipped="0" hostname="DESKTOP-S5GH85J" name="testcases.CreateanAccount" tests="1" failures="0" timestamp="05 Dec 2018 17:30:15 GMT" time="110.607" errors="0">
  <testcase name="createanAccount" time="110.607" classname="testcases.CreateanAccount"/>
</testsuite> <!-- testcases.CreateanAccount -->
