<?xml version="1.0" encoding="UTF-8"?>
<!-- Generated by org.testng.reporters.JUnitReportReporter -->
<testsuite skipped="0" hostname="DESKTOP-S5GH85J" name="testcases.EditPassword" tests="1" failures="0" timestamp="30 Oct 2018 06:17:43 GMT" time="71.895" errors="0">
  <testcase name="address" time="71.895" classname="testcases.EditPassword"/>
</testsuite> <!-- testcases.EditPassword -->
