<?xml version="1.0" encoding="UTF-8"?>
<!-- Generated by org.testng.reporters.JUnitReportReporter -->
<testsuite skipped="0" hostname="DESKTOP-S5GH85J" name="testcases.EditingstoreinAddtoCart" tests="1" failures="0" timestamp="31 Oct 2018 06:15:52 GMT" time="82.781" errors="0">
  <testcase name="Orderred" time="82.781" classname="testcases.EditingstoreinAddtoCart"/>
</testsuite> <!-- testcases.EditingstoreinAddtoCart -->
