<?xml version="1.0" encoding="UTF-8"?>
<!-- Generated by org.testng.reporters.JUnitReportReporter -->
<testsuite skipped="0" hostname="DESKTOP-S5GH85J" name="testcases.PDP_VisibilityofGetthisPriceLink" tests="1" failures="0" timestamp="11 Nov 2018 06:29:59 GMT" time="52.389" errors="0">
  <testcase name="getthisPrice" time="52.389" classname="testcases.PDP_VisibilityofGetthisPriceLink"/>
</testsuite> <!-- testcases.PDP_VisibilityofGetthisPriceLink -->
