<?xml version="1.0" encoding="UTF-8"?>
<!-- Generated by org.testng.reporters.JUnitReportReporter -->
<testsuite skipped="0" hostname="DESKTOP-S5GH85J" name="testcases.Departmentos" tests="1" failures="0" timestamp="02 Oct 2018 06:32:25 GMT" time="23.622" errors="0">
  <testcase name="Headlinks" time="23.622" classname="testcases.Departmentos"/>
</testsuite> <!-- testcases.Departmentos -->
