<?xml version="1.0" encoding="UTF-8"?>
<!-- Generated by org.testng.reporters.JUnitReportReporter -->
<testsuite skipped="0" hostname="Suriya" name="testcases.PDP_AddtoCart" tests="1" failures="0" timestamp="03 Jan 2019 09:50:42 GMT" time="50.779" errors="0">
  <testcase name="addtocart" time="50.779" classname="testcases.PDP_AddtoCart"/>
</testsuite> <!-- testcases.PDP_AddtoCart -->
