<?xml version="1.0" encoding="UTF-8"?>
<!-- Generated by org.testng.reporters.JUnitReportReporter -->
<testsuite skipped="0" hostname="DESKTOP-S5GH85J" name="testcases.PDP_QuantityDropdown" tests="1" failures="0" timestamp="11 Nov 2018 06:05:01 GMT" time="75.334" errors="0">
  <testcase name="quantitydropdown" time="75.334" classname="testcases.PDP_QuantityDropdown"/>
</testsuite> <!-- testcases.PDP_QuantityDropdown -->
